#
# There is insufficient memory for the Java Runtime Environment to continue.
# Native memory allocation (malloc) failed to allocate 1048576 bytes for AllocateHeap
# Possible reasons:
#   The system is out of physical RAM or swap space
#   The process is running with CompressedOops enabled, and the Java Heap may be blocking the growth of the native heap
# Possible solutions:
#   Reduce memory load on the system
#   Increase physical memory or swap space
#   Check if swap backing store is full
#   Decrease Java heap size (-Xmx/-Xms)
#   Decrease number of Java threads
#   Decrease Java thread stack sizes (-Xss)
#   Set larger code cache with -XX:ReservedCodeCacheSize=
#   JVM is running with Unscaled Compressed Oops mode in which the Java heap is
#     placed in the first 4GB address space. The Java Heap base address is the
#     maximum limit for the native heap growth. Please use -XX:HeapBaseMinAddress
#     to set the Java Heap base and to place the Java Heap above 4GB virtual address.
# This output file may be truncated or incomplete.
#
#  Out of Memory Error (memory/allocation.inline.hpp:61), pid=2368, tid=0x00000000000047a4
#
# JRE version:  (8.0_201-b09) (build )
# Java VM: OpenJDK 64-Bit Server VM (25.201-b09 mixed mode windows-amd64 compressed oops)
# Failed to write core dump. Minidumps are not enabled by default on client versions of Windows
#

---------------  T H R E A D  ---------------

Current thread (0x0000000000b7e000):  JavaThread "Unknown thread" [_thread_in_vm, id=18340, stack(0x0000000002a50000,0x0000000002b50000)]

Stack: [0x0000000002a50000,0x0000000002b50000]
[error occurred during error reporting (printing stack bounds), id 0xc0000005]

Native frames: (J=compiled Java code, j=interpreted, Vv=VM code, C=native code)


---------------  P R O C E S S  ---------------

Java Threads: ( => current thread )

Other Threads:

=>0x0000000000b7e000 (exited) JavaThread "Unknown thread" [_thread_in_vm, id=18340, stack(0x0000000002a50000,0x0000000002b50000)]

VM state:not at safepoint (normal execution)

VM Mutex/Monitor currently owned by a thread: None

heap address: 0x00000000ff000000, size: 16 MB, Compressed Oops mode: 32-bit
Narrow klass base: 0x0000000000000000, Narrow klass shift: 3
Compressed class space size: 1073741824 Address: 0x0000000100000000

Heap:
 PSYoungGen      total 4608K, used 81K [0x00000000ffb00000, 0x0000000100000000, 0x0000000100000000)
  eden space 4096K, 2% used [0x00000000ffb00000,0x00000000ffb147b8,0x00000000fff00000)
  from space 512K, 0% used [0x00000000fff80000,0x00000000fff80000,0x0000000100000000)
  to   space 512K, 0% used [0x00000000fff00000,0x00000000fff00000,0x00000000fff80000)
 ParOldGen       total 11264K, used 0K [0x00000000ff000000, 0x00000000ffb00000, 0x00000000ffb00000)
  object space 11264K, 0% used [0x00000000ff000000,0x00000000ff000000,0x00000000ffb00000)
 Metaspace       used 877K, capacity 1224K, committed 1408K, reserved 1060864K
  class space    used 74K, capacity 384K, committed 384K, reserved 1048576K

Card table byte_map: [0x0000000000b20000,0x0000000000b30000] byte_map_base: 0x0000000000328000

Marking Bits: (ParMarkBitMap*) 0x0000000065a3ceb0
 Begin Bits: [0x0000000002670000, 0x00000000026b0000)
 End Bits:   [0x00000000026b0000, 0x00000000026f0000)

Polling page: 0x00000000009d0000

CodeCache: size=245760Kb used=328Kb max_used=328Kb free=245431Kb
 bounds [0x0000000002c50000, 0x0000000002ec0000, 0x0000000011c50000]
 total_blobs=57 nmethods=0 adapters=38
 compilation: enabled

Compilation events (0 events):
No events

GC Heap History (0 events):
No events

Deoptimization events (0 events):
No events

Classes redefined (0 events):
No events

Internal exceptions (0 events):
No events

Events (216 events):
Event: 0.046 loading class java/lang/Object
Event: 0.057 loading class java/lang/Object done
Event: 0.058 loading class java/lang/String
Event: 0.059 loading class java/io/Serializable
Event: 0.059 loading class java/io/Serializable done
Event: 0.059 loading class java/lang/Comparable
Event: 0.059 loading class java/lang/Comparable done
Event: 0.059 loading class java/lang/CharSequence
Event: 0.059 loading class java/lang/CharSequence done
Event: 0.060 loading class java/lang/String done
Event: 0.060 loading class java/lang/Class
Event: 0.061 loading class java/lang/reflect/GenericDeclaration
Event: 0.061 loading class java/lang/reflect/AnnotatedElement
Event: 0.061 loading class java/lang/reflect/AnnotatedElement done
Event: 0.061 loading class java/lang/reflect/GenericDeclaration done
Event: 0.061 loading class java/lang/reflect/Type
Event: 0.061 loading class java/lang/reflect/Type done
Event: 0.062 loading class java/lang/Class done
Event: 0.062 loading class java/lang/Cloneable
Event: 0.062 loading class java/lang/Cloneable done
Event: 0.062 loading class java/lang/ClassLoader
Event: 0.063 loading class java/lang/ClassLoader done
Event: 0.063 loading class java/lang/System
Event: 0.063 loading class java/lang/System done
Event: 0.063 loading class java/lang/Throwable
Event: 0.064 loading class java/lang/Throwable done
Event: 0.064 loading class java/lang/Error
Event: 0.064 loading class java/lang/Error done
Event: 0.064 loading class java/lang/ThreadDeath
Event: 0.064 loading class java/lang/ThreadDeath done
Event: 0.064 loading class java/lang/Exception
Event: 0.064 loading class java/lang/Exception done
Event: 0.064 loading class java/lang/RuntimeException
Event: 0.064 loading class java/lang/RuntimeException done
Event: 0.064 loading class java/lang/SecurityManager
Event: 0.064 loading class java/lang/SecurityManager done
Event: 0.064 loading class java/security/ProtectionDomain
Event: 0.064 loading class java/security/ProtectionDomain done
Event: 0.064 loading class java/security/AccessControlContext
Event: 0.064 loading class java/security/AccessControlContext done
Event: 0.065 loading class java/security/SecureClassLoader
Event: 0.065 loading class java/security/SecureClassLoader done
Event: 0.065 loading class java/lang/ClassNotFoundException
Event: 0.065 loading class java/lang/ReflectiveOperationException
Event: 0.065 loading class java/lang/ReflectiveOperationException done
Event: 0.065 loading class java/lang/ClassNotFoundException done
Event: 0.065 loading class java/lang/NoClassDefFoundError
Event: 0.065 loading class java/lang/LinkageError
Event: 0.065 loading class java/lang/LinkageError done
Event: 0.065 loading class java/lang/NoClassDefFoundError done
Event: 0.065 loading class java/lang/ClassCastException
Event: 0.065 loading class java/lang/ClassCastException done
Event: 0.065 loading class java/lang/ArrayStoreException
Event: 0.065 loading class java/lang/ArrayStoreException done
Event: 0.065 loading class java/lang/VirtualMachineError
Event: 0.065 loading class java/lang/VirtualMachineError done
Event: 0.065 loading class java/lang/OutOfMemoryError
Event: 0.065 loading class java/lang/OutOfMemoryError done
Event: 0.065 loading class java/lang/StackOverflowError
Event: 0.065 loading class java/lang/StackOverflowError done
Event: 0.065 loading class java/lang/IllegalMonitorStateException
Event: 0.065 loading class java/lang/IllegalMonitorStateException done
Event: 0.065 loading class java/lang/ref/Reference
Event: 0.065 loading class java/lang/ref/Reference done
Event: 0.065 loading class java/lang/ref/SoftReference
Event: 0.066 loading class java/lang/ref/SoftReference done
Event: 0.066 loading class java/lang/ref/WeakReference
Event: 0.066 loading class java/lang/ref/WeakReference done
Event: 0.066 loading class java/lang/ref/FinalReference
Event: 0.066 loading class java/lang/ref/FinalReference done
Event: 0.066 loading class java/lang/ref/PhantomReference
Event: 0.066 loading class java/lang/ref/PhantomReference done
Event: 0.066 loading class sun/misc/Cleaner
Event: 0.066 loading class sun/misc/Cleaner done
Event: 0.066 loading class java/lang/ref/Finalizer
Event: 0.066 loading class java/lang/ref/Finalizer done
Event: 0.066 loading class java/lang/ref/ReferenceQueue
Event: 0.066 loading class java/lang/ref/ReferenceQueue done
Event: 0.066 loading class java/lang/Thread
Event: 0.067 loading class java/lang/Runnable
Event: 0.067 loading class java/lang/Runnable done
Event: 0.067 loading class java/lang/Thread done
Event: 0.067 loading class java/lang/ThreadGroup
Event: 0.068 loading class java/lang/Thread$UncaughtExceptionHandler
Event: 0.068 loading class java/lang/Thread$UncaughtExceptionHandler done
Event: 0.068 loading class java/lang/ThreadGroup done
Event: 0.068 loading class java/util/Properties
Event: 0.069 loading class java/util/Hashtable
Event: 0.069 loading class java/util/Map
Event: 0.069 loading class java/util/Map done
Event: 0.069 loading class java/util/Dictionary
Event: 0.069 loading class java/util/Dictionary done
Event: 0.069 loading class java/util/Hashtable done
Event: 0.069 loading class java/util/Properties done
Event: 0.069 loading class java/lang/reflect/AccessibleObject
Event: 0.070 loading class java/lang/reflect/AccessibleObject done
Event: 0.070 loading class java/lang/reflect/Field
Event: 0.070 loading class java/lang/reflect/Member
Event: 0.070 loading class java/lang/reflect/Member done
Event: 0.070 loading class java/lang/reflect/Field done
Event: 0.070 loading class java/lang/reflect/Parameter
Event: 0.071 loading class java/lang/reflect/Parameter done
Event: 0.071 loading class java/lang/reflect/Method
Event: 0.071 loading class java/lang/reflect/Executable
Event: 0.072 loading class java/lang/reflect/Executable done
Event: 0.072 loading class java/lang/reflect/Method done
Event: 0.072 loading class java/lang/reflect/Constructor
Event: 0.072 loading class java/lang/reflect/Constructor done
Event: 0.072 loading class sun/reflect/MagicAccessorImpl
Event: 0.073 loading class sun/reflect/MagicAccessorImpl done
Event: 0.073 loading class sun/reflect/MethodAccessorImpl
Event: 0.073 loading class sun/reflect/MethodAccessor
Event: 0.073 loading class sun/reflect/MethodAccessor done
Event: 0.073 loading class sun/reflect/MethodAccessorImpl done
Event: 0.073 loading class sun/reflect/ConstructorAccessorImpl
Event: 0.073 loading class sun/reflect/ConstructorAccessor
Event: 0.073 loading class sun/reflect/ConstructorAccessor done
Event: 0.073 loading class sun/reflect/ConstructorAccessorImpl done
Event: 0.073 loading class sun/reflect/DelegatingClassLoader
Event: 0.073 loading class sun/reflect/DelegatingClassLoader done
Event: 0.073 loading class sun/reflect/ConstantPool
Event: 0.073 loading class sun/reflect/ConstantPool done
Event: 0.073 loading class sun/reflect/UnsafeStaticFieldAccessorImpl
Event: 0.073 loading class sun/reflect/UnsafeFieldAccessorImpl
Event: 0.078 loading class sun/reflect/FieldAccessorImpl
Event: 0.078 loading class sun/reflect/FieldAccessor
Event: 0.078 loading class sun/reflect/FieldAccessor done
Event: 0.078 loading class sun/reflect/FieldAccessorImpl done
Event: 0.078 loading class sun/reflect/UnsafeFieldAccessorImpl done
Event: 0.078 loading class sun/reflect/UnsafeStaticFieldAccessorImpl done
Event: 0.078 loading class sun/reflect/CallerSensitive
Event: 0.078 loading class java/lang/annotation/Annotation
Event: 0.078 loading class java/lang/annotation/Annotation done
Event: 0.078 loading class sun/reflect/CallerSensitive done
Event: 0.078 loading class java/lang/invoke/DirectMethodHandle
Event: 0.079 loading class java/lang/invoke/MethodHandle
Event: 0.080 loading class java/lang/invoke/MethodHandle done
Event: 0.080 loading class java/lang/invoke/DirectMethodHandle done
Event: 0.080 loading class java/lang/invoke/MemberName
Event: 0.081 loading class java/lang/invoke/MemberName done
Event: 0.081 loading class java/lang/invoke/MethodHandleNatives
Event: 0.082 loading class java/lang/invoke/MethodHandleNatives done
Event: 0.082 loading class java/lang/invoke/LambdaForm
Event: 0.084 loading class java/lang/invoke/LambdaForm done
Event: 0.084 loading class java/lang/invoke/MethodType
Event: 0.085 loading class java/lang/invoke/MethodType done
Event: 0.085 loading class java/lang/BootstrapMethodError
Event: 0.086 loading class java/lang/BootstrapMethodError done
Event: 0.086 loading class java/lang/invoke/CallSite
Event: 0.086 loading class java/lang/invoke/CallSite done
Event: 0.086 loading class java/lang/invoke/ConstantCallSite
Event: 0.086 loading class java/lang/invoke/ConstantCallSite done
Event: 0.086 loading class java/lang/invoke/MutableCallSite
Event: 0.086 loading class java/lang/invoke/MutableCallSite done
Event: 0.086 loading class java/lang/invoke/VolatileCallSite
Event: 0.086 loading class java/lang/invoke/VolatileCallSite done
Event: 0.086 loading class java/lang/StringBuffer
Event: 0.087 loading class java/lang/AbstractStringBuilder
Event: 0.088 loading class java/lang/Appendable
Event: 0.088 loading class java/lang/Appendable done
Event: 0.089 loading class java/lang/AbstractStringBuilder done
Event: 0.089 loading class java/lang/StringBuffer done
Event: 0.089 loading class java/lang/StringBuilder
Event: 0.090 loading class java/lang/StringBuilder done
Event: 0.090 loading class sun/misc/Unsafe
Event: 0.092 loading class sun/misc/Unsafe done
Event: 0.092 loading class java/io/ByteArrayInputStream
Event: 0.092 loading class java/io/InputStream
Event: 0.092 loading class java/io/Closeable
Event: 0.092 loading class java/lang/AutoCloseable
Event: 0.092 loading class java/lang/AutoCloseable done
Event: 0.092 loading class java/io/Closeable done
Event: 0.092 loading class java/io/InputStream done
Event: 0.092 loading class java/io/ByteArrayInputStream done
Event: 0.093 loading class java/io/File
Event: 0.094 loading class java/io/File done
Event: 0.094 loading class java/net/URLClassLoader
Event: 0.095 loading class java/net/URLClassLoader done
Event: 0.095 loading class java/net/URL
Event: 0.095 loading class java/net/URL done
Event: 0.095 loading class java/util/jar/Manifest
Event: 0.096 loading class java/util/jar/Manifest done
Event: 0.096 loading class sun/misc/Launcher
Event: 0.096 loading class sun/misc/Launcher done
Event: 0.096 loading class sun/misc/Launcher$AppClassLoader
Event: 0.096 loading class sun/misc/Launcher$AppClassLoader done
Event: 0.096 loading class sun/misc/Launcher$ExtClassLoader
Event: 0.096 loading class sun/misc/Launcher$ExtClassLoader done
Event: 0.096 loading class java/security/CodeSource
Event: 0.097 loading class java/security/CodeSource done
Event: 0.097 loading class java/lang/StackTraceElement
Event: 0.097 loading class java/lang/StackTraceElement done
Event: 0.097 loading class java/nio/Buffer
Event: 0.097 loading class java/nio/Buffer done
Event: 0.097 loading class java/lang/Boolean
Event: 0.098 loading class java/lang/Boolean done
Event: 0.099 loading class java/lang/Character
Event: 0.100 loading class java/lang/Character done
Event: 0.100 loading class java/lang/Float
Event: 0.100 loading class java/lang/Number
Event: 0.100 loading class java/lang/Number done
Event: 0.101 loading class java/lang/Float done
Event: 0.101 loading class java/lang/Double
Event: 0.101 loading class java/lang/Double done
Event: 0.101 loading class java/lang/Byte
Event: 0.102 loading class java/lang/Byte done
Event: 0.102 loading class java/lang/Short
Event: 0.102 loading class java/lang/Short done
Event: 0.102 loading class java/lang/Integer
Event: 0.103 loading class java/lang/Integer done
Event: 0.103 loading class java/lang/Long
Event: 0.104 loading class java/lang/Long done
Event: 0.108 loading class java/lang/NullPointerException
Event: 0.108 loading class java/lang/NullPointerException done
Event: 0.108 loading class java/lang/ArithmeticException
Event: 0.108 loading class java/lang/ArithmeticException done


Dynamic libraries:
0x00007ff6bc550000 - 0x00007ff6bc5db000 	C:\SoftWare\Java_redhat\java-1.8.0-openjdk-1.8.0.201-2.b09.redhat.windows.x86_64\jre\bin\javaw.exe
0x00007ffb4e800000 - 0x00007ffb4e9e1000 	C:\WINDOWS\SYSTEM32\ntdll.dll
0x00007ffb4d7f0000 - 0x00007ffb4d8a2000 	C:\WINDOWS\System32\KERNEL32.DLL
0x00007ffb4b750000 - 0x00007ffb4b9c3000 	C:\WINDOWS\System32\KERNELBASE.dll
0x00007ffb4bc90000 - 0x00007ffb4bd31000 	C:\WINDOWS\System32\ADVAPI32.dll
0x00007ffb4db00000 - 0x00007ffb4db9e000 	C:\WINDOWS\System32\msvcrt.dll
0x00007ffb4e210000 - 0x00007ffb4e26b000 	C:\WINDOWS\System32\sechost.dll
0x00007ffb4d970000 - 0x00007ffb4da94000 	C:\WINDOWS\System32\RPCRT4.dll
0x00007ffb4e050000 - 0x00007ffb4e1e0000 	C:\WINDOWS\System32\USER32.dll
0x00007ffb4aed0000 - 0x00007ffb4aef0000 	C:\WINDOWS\System32\win32u.dll
0x00007ffb4e1e0000 - 0x00007ffb4e208000 	C:\WINDOWS\System32\GDI32.dll
0x00007ffb4ac30000 - 0x00007ffb4adc2000 	C:\WINDOWS\System32\gdi32full.dll
0x00007ffb4aef0000 - 0x00007ffb4af8f000 	C:\WINDOWS\System32\msvcp_win.dll
0x00007ffb4add0000 - 0x00007ffb4aec8000 	C:\WINDOWS\System32\ucrtbase.dll
0x00007ffb35550000 - 0x00007ffb357b9000 	C:\WINDOWS\WinSxS\amd64_microsoft.windows.common-controls_6595b64144ccf1df_6.0.17134.648_none_fb45a0e93062a6d2\COMCTL32.dll
0x00007ffb4dd20000 - 0x00007ffb4e042000 	C:\WINDOWS\System32\combase.dll
0x00007ffb4bbc0000 - 0x00007ffb4bc3a000 	C:\WINDOWS\System32\bcryptPrimitives.dll
0x00007ffb4bd40000 - 0x00007ffb4bd6d000 	C:\WINDOWS\System32\IMM32.DLL
0x0000000065ad0000 - 0x0000000065ba2000 	C:\SoftWare\Java_redhat\java-1.8.0-openjdk-1.8.0.201-2.b09.redhat.windows.x86_64\jre\bin\msvcr100.dll
0x0000000065200000 - 0x0000000065ac2000 	C:\SoftWare\Java_redhat\java-1.8.0-openjdk-1.8.0.201-2.b09.redhat.windows.x86_64\jre\bin\server\jvm.dll
0x00007ffb4e460000 - 0x00007ffb4e468000 	C:\WINDOWS\System32\PSAPI.DLL
0x00007ffb35ba0000 - 0x00007ffb35ba9000 	C:\WINDOWS\SYSTEM32\WSOCK32.dll
0x00007ffb4e760000 - 0x00007ffb4e7cc000 	C:\WINDOWS\System32\WS2_32.dll
0x00007ffb476f0000 - 0x00007ffb47713000 	C:\WINDOWS\SYSTEM32\WINMM.dll
0x00007ffb42000000 - 0x00007ffb4200a000 	C:\WINDOWS\SYSTEM32\VERSION.dll
0x00007ffb476c0000 - 0x00007ffb476ea000 	C:\WINDOWS\SYSTEM32\WINMMBASE.dll
0x00007ffb4bc40000 - 0x00007ffb4bc89000 	C:\WINDOWS\System32\cfgmgr32.dll
0x00007ffb477b0000 - 0x00007ffb477bf000 	C:\SoftWare\Java_redhat\java-1.8.0-openjdk-1.8.0.201-2.b09.redhat.windows.x86_64\jre\bin\verify.dll
0x00007ffb2cd60000 - 0x00007ffb2cd89000 	C:\SoftWare\Java_redhat\java-1.8.0-openjdk-1.8.0.201-2.b09.redhat.windows.x86_64\jre\bin\java.dll
0x00007ffb2fe30000 - 0x00007ffb2fe46000 	C:\SoftWare\Java_redhat\java-1.8.0-openjdk-1.8.0.201-2.b09.redhat.windows.x86_64\jre\bin\zip.dll

VM Arguments:
jvm_args: -Xmx16m 
java_command: org.eclipse.jdt.internal.launching.support.LibraryDetector
java_class_path (initial): C:\Users\自豪\.vscode\extensions\redhat.java-0.45.0\server\config_win\org.eclipse.osgi\46\0\.cp\lib\launchingsupport.jar
Launcher Type: SUN_STANDARD

Environment Variables:
JAVA_HOME=C:\SoftWare\Java_redhat\java-1.8.0-openjdk-1.8.0.201-2.b09.redhat.windows.x86_64
CLASSPATH=.;C:\SoftWare\Java_redhat\java-1.8.0-openjdk-1.8.0.201-2.b09.redhat.windows.x86_64\lib\dt.jar;C:\SoftWare\Java_redhat\java-1.8.0-openjdk-1.8.0.201-2.b09.redhat.windows.x86_64lib\tools.jar
PATH=C:\Program Files (x86)\Common Files\Oracle\Java\javapath;C:\Program Files (x86)\Intel\iCLS Client\;C:\Program Files\Intel\iCLS Client\;C:\WINDOWS\system32;C:\WINDOWS;C:\WINDOWS\System32\Wbem;C:\BaiduNetDownload;C:\Program Files\Microsoft SQL Server\Client SDK\ODBC\130\Tools\Binn\;C:\Program Files (x86)\Microsoft SQL Server\140\Tools\Binn\;C:\Program Files\Microsoft SQL Server\140\Tools\Binn\;C:\Program Files\Microsoft SQL Server\140\DTS\Binn\;C:\Program Files\Microsoft SQL Server\120\Tools\Binn\;C:\Program Files\Microsoft SQL Server\Client SDK\ODBC\110\Tools\Binn\;C:\Program Files (x86)\Microsoft SQL Server\120\Tools\Binn\;C:\Program Files\Microsoft SQL Server\120\DTS\Binn\;C:\Program Files (x86)\Microsoft SQL Server\120\Tools\Binn\ManagementStudio\;C:\Program Files (x86)\Microsoft SQL Server\120\DTS\Binn\;C:\Program Files (x86)\Microsoft SQL Server\Client SDK\ODBC\110\Tools\Binn\;C:\SoftWare\Java_redhat\java-1.8.0-openjdk-1.8.0.201-2.b09.redhat.windows.x86_64\bin;C:\SoftWare\Java_redhat\java-1.8.0-openjdk-1.8.0.201-2.b09.redhat.windows.x86_64\jre\bin;C:\Program Files (x86)\Bitvise SSH Client;C:\WINDOWS\System32\WindowsPowerShell\v1.0\;C:\WINDOWS\System32\OpenSSH\;C:\MinGW\bin;D:\software\runtime\win64;D:\software\bin;C:\Program Files\Java\jdk-12\bin;C:\Program Files\Git\cmd;C:\SoftWare\sqlite3;C:\Anaconda;C:\Anaconda\Library\mingw-w64\bin;C:\Anaconda\Library\usr\bin;C:\Anaconda\Library\bin;C:\Anaconda\Scripts;C:\Users\自豪\AppData\Local\Microsoft\WindowsApps;C:\Users\自豪\AppData\Local\Programs\Microsoft VS Code\bin;C:\Program Files\JetBrains\PyCharm Community Edition 2018.3.3\bin;
USERNAME=自豪
OS=Windows_NT
PROCESSOR_IDENTIFIER=Intel64 Family 6 Model 61 Stepping 4, GenuineIntel



---------------  S Y S T E M  ---------------

OS: Windows 10.0 , 64 bit Build 17134 (10.0.17134.648)

CPU:total 4 (initial active 4) (2 cores per cpu, 2 threads per core) family 6 model 61 stepping 4, cmov, cx8, fxsr, mmx, sse, sse2, sse3, ssse3, sse4.1, sse4.2, popcnt, avx, avx2, aes, clmul, erms, 3dnowpref, lzcnt, ht, tsc, tscinvbit, bmi1, bmi2, adx

Memory: 4k page, physical 8288672k(2839948k free), swap 9102468k(5824k free)

vm_info: OpenJDK 64-Bit Server VM (25.201-b09) for windows-amd64 JRE (1.8.0_201-2-redhat-b09), built on Jan 25 2019 14:31:39 by "build" with MS VC++ 10.0 (VS2010)

time: Fri May 24 00:26:56 2019
timezone: 中国标准时间
elapsed time: 0 seconds (0d 0h 0m 0s)

