#
# There is insufficient memory for the Java Runtime Environment to continue.
# Native memory allocation (mmap) failed to map 134217728 bytes for Failed to commit area from 0x00000000c0000000 to 0x00000000c8000000 of length 134217728.
# Possible reasons:
#   The system is out of physical RAM or swap space
#   The process is running with CompressedOops enabled, and the Java Heap may be blocking the growth of the native heap
# Possible solutions:
#   Reduce memory load on the system
#   Increase physical memory or swap space
#   Check if swap backing store is full
#   Decrease Java heap size (-Xmx/-Xms)
#   Decrease number of Java threads
#   Decrease Java thread stack sizes (-Xss)
#   Set larger code cache with -XX:ReservedCodeCacheSize=
# This output file may be truncated or incomplete.
#
#  Out of Memory Error (os_windows.cpp:3335), pid=16464, tid=0x0000000000003704
#
# JRE version:  (8.0_201-b09) (build )
# Java VM: OpenJDK 64-Bit Server VM (25.201-b09 mixed mode windows-amd64 compressed oops)
# Failed to write core dump. Minidumps are not enabled by default on client versions of Windows
#

---------------  T H R E A D  ---------------

Current thread (0x000000000316e000):  JavaThread "Unknown thread" [_thread_in_vm, id=14084, stack(0x0000000003050000,0x0000000003150000)]

Stack: [0x0000000003050000,0x0000000003150000]
[error occurred during error reporting (printing stack bounds), id 0xc0000005]

Native frames: (J=compiled Java code, j=interpreted, Vv=VM code, C=native code)


---------------  P R O C E S S  ---------------

Java Threads: ( => current thread )

Other Threads:

=>0x000000000316e000 (exited) JavaThread "Unknown thread" [_thread_in_vm, id=14084, stack(0x0000000003050000,0x0000000003150000)]

VM state:not at safepoint (not fully initialized)

VM Mutex/Monitor currently owned by a thread:  ([mutex/lock_event])
[0x000000000316c830] Heap_lock - owner thread: 0x000000000316e000

heap address: 0x00000000c0000000, size: 1024 MB, Compressed Oops mode: Non-zero based:0x00000000bffff000
Narrow klass base: 0x0000000000000000, Narrow klass shift: 0

GC Heap History (0 events):
No events

Deoptimization events (0 events):
No events

Classes redefined (0 events):
No events

Internal exceptions (0 events):
No events

Events (0 events):
No events


Dynamic libraries:
0x00007ff6320a0000 - 0x00007ff63212b000 	C:\SoftWare\Java_redhat\java-1.8.0-openjdk-1.8.0.201-2.b09.redhat.windows.x86_64\bin\java.exe
0x00007ffb4e800000 - 0x00007ffb4e9e1000 	C:\WINDOWS\SYSTEM32\ntdll.dll
0x00007ffb4d7f0000 - 0x00007ffb4d8a2000 	C:\WINDOWS\System32\KERNEL32.DLL
0x00007ffb4b750000 - 0x00007ffb4b9c3000 	C:\WINDOWS\System32\KERNELBASE.dll
0x00007ffb4bc90000 - 0x00007ffb4bd31000 	C:\WINDOWS\System32\ADVAPI32.dll
0x00007ffb4db00000 - 0x00007ffb4db9e000 	C:\WINDOWS\System32\msvcrt.dll
0x00007ffb4e210000 - 0x00007ffb4e26b000 	C:\WINDOWS\System32\sechost.dll
0x00007ffb4d970000 - 0x00007ffb4da94000 	C:\WINDOWS\System32\RPCRT4.dll
0x00007ffb4e050000 - 0x00007ffb4e1e0000 	C:\WINDOWS\System32\USER32.dll
0x00007ffb4aed0000 - 0x00007ffb4aef0000 	C:\WINDOWS\System32\win32u.dll
0x00007ffb4e1e0000 - 0x00007ffb4e208000 	C:\WINDOWS\System32\GDI32.dll
0x00007ffb4ac30000 - 0x00007ffb4adc2000 	C:\WINDOWS\System32\gdi32full.dll
0x00007ffb4aef0000 - 0x00007ffb4af8f000 	C:\WINDOWS\System32\msvcp_win.dll
0x00007ffb4add0000 - 0x00007ffb4aec8000 	C:\WINDOWS\System32\ucrtbase.dll
0x00007ffb35550000 - 0x00007ffb357b9000 	C:\WINDOWS\WinSxS\amd64_microsoft.windows.common-controls_6595b64144ccf1df_6.0.17134.648_none_fb45a0e93062a6d2\COMCTL32.dll
0x00007ffb4dd20000 - 0x00007ffb4e042000 	C:\WINDOWS\System32\combase.dll
0x00007ffb4bbc0000 - 0x00007ffb4bc3a000 	C:\WINDOWS\System32\bcryptPrimitives.dll
0x00007ffb4bd40000 - 0x00007ffb4bd6d000 	C:\WINDOWS\System32\IMM32.DLL
0x0000000065ad0000 - 0x0000000065ba2000 	C:\SoftWare\Java_redhat\java-1.8.0-openjdk-1.8.0.201-2.b09.redhat.windows.x86_64\jre\bin\msvcr100.dll
0x0000000065200000 - 0x0000000065ac2000 	C:\SoftWare\Java_redhat\java-1.8.0-openjdk-1.8.0.201-2.b09.redhat.windows.x86_64\jre\bin\server\jvm.dll
0x00007ffb4e460000 - 0x00007ffb4e468000 	C:\WINDOWS\System32\PSAPI.DLL
0x00007ffb35ba0000 - 0x00007ffb35ba9000 	C:\WINDOWS\SYSTEM32\WSOCK32.dll
0x00007ffb4e760000 - 0x00007ffb4e7cc000 	C:\WINDOWS\System32\WS2_32.dll
0x00007ffb476f0000 - 0x00007ffb47713000 	C:\WINDOWS\SYSTEM32\WINMM.dll
0x00007ffb42000000 - 0x00007ffb4200a000 	C:\WINDOWS\SYSTEM32\VERSION.dll
0x00007ffb476c0000 - 0x00007ffb476ea000 	C:\WINDOWS\SYSTEM32\WINMMBASE.dll
0x00007ffb4bc40000 - 0x00007ffb4bc89000 	C:\WINDOWS\System32\cfgmgr32.dll
0x00007ffb477b0000 - 0x00007ffb477bf000 	C:\SoftWare\Java_redhat\java-1.8.0-openjdk-1.8.0.201-2.b09.redhat.windows.x86_64\jre\bin\verify.dll
0x00007ffb2f290000 - 0x00007ffb2f2b9000 	C:\SoftWare\Java_redhat\java-1.8.0-openjdk-1.8.0.201-2.b09.redhat.windows.x86_64\jre\bin\java.dll
0x00007ffb2d990000 - 0x00007ffb2d9a6000 	C:\SoftWare\Java_redhat\java-1.8.0-openjdk-1.8.0.201-2.b09.redhat.windows.x86_64\jre\bin\zip.dll

VM Arguments:
jvm_args: -Declipse.application=org.eclipse.jdt.ls.core.id1 -Dosgi.bundles.defaultStartLevel=4 -Declipse.product=org.eclipse.jdt.ls.core.product -Dfile.encoding=utf8 -DwatchParentProcess=false -Xverify:none -Xmx1G -XX:+UseG1GC -XX:+UseStringDeduplication 
java_command: C:\Users\自豪\.vscode\extensions\redhat.java-0.45.0\server\plugins\org.eclipse.equinox.launcher_1.5.400.v20190514-1658.jar -configuration C:\Users\自豪\.vscode\extensions\redhat.java-0.45.0\server\config_win -data c:\Users\自豪\AppData\Roaming\Code\User\workspaceStorage\3ae0cd8f98ccb042ddad124b3afa8164\redhat.java\jdt_ws
java_class_path (initial): C:\Users\自豪\.vscode\extensions\redhat.java-0.45.0\server\plugins\org.eclipse.equinox.launcher_1.5.400.v20190514-1658.jar
Launcher Type: SUN_STANDARD

Environment Variables:
JAVA_HOME=C:\SoftWare\Java_redhat\java-1.8.0-openjdk-1.8.0.201-2.b09.redhat.windows.x86_64
CLASSPATH=.;C:\SoftWare\Java_redhat\java-1.8.0-openjdk-1.8.0.201-2.b09.redhat.windows.x86_64\lib\dt.jar;C:\SoftWare\Java_redhat\java-1.8.0-openjdk-1.8.0.201-2.b09.redhat.windows.x86_64lib\tools.jar
PATH=C:\Program Files (x86)\Common Files\Oracle\Java\javapath;C:\Program Files (x86)\Intel\iCLS Client\;C:\Program Files\Intel\iCLS Client\;C:\WINDOWS\system32;C:\WINDOWS;C:\WINDOWS\System32\Wbem;C:\BaiduNetDownload;C:\Program Files\Microsoft SQL Server\Client SDK\ODBC\130\Tools\Binn\;C:\Program Files (x86)\Microsoft SQL Server\140\Tools\Binn\;C:\Program Files\Microsoft SQL Server\140\Tools\Binn\;C:\Program Files\Microsoft SQL Server\140\DTS\Binn\;C:\Program Files\Microsoft SQL Server\120\Tools\Binn\;C:\Program Files\Microsoft SQL Server\Client SDK\ODBC\110\Tools\Binn\;C:\Program Files (x86)\Microsoft SQL Server\120\Tools\Binn\;C:\Program Files\Microsoft SQL Server\120\DTS\Binn\;C:\Program Files (x86)\Microsoft SQL Server\120\Tools\Binn\ManagementStudio\;C:\Program Files (x86)\Microsoft SQL Server\120\DTS\Binn\;C:\Program Files (x86)\Microsoft SQL Server\Client SDK\ODBC\110\Tools\Binn\;C:\SoftWare\Java_redhat\java-1.8.0-openjdk-1.8.0.201-2.b09.redhat.windows.x86_64\bin;C:\SoftWare\Java_redhat\java-1.8.0-openjdk-1.8.0.201-2.b09.redhat.windows.x86_64\jre\bin;C:\Program Files (x86)\Bitvise SSH Client;C:\WINDOWS\System32\WindowsPowerShell\v1.0\;C:\WINDOWS\System32\OpenSSH\;C:\MinGW\bin;D:\software\runtime\win64;D:\software\bin;C:\Program Files\Java\jdk-12\bin;C:\Program Files\Git\cmd;C:\SoftWare\sqlite3;C:\Anaconda;C:\Anaconda\Library\mingw-w64\bin;C:\Anaconda\Library\usr\bin;C:\Anaconda\Library\bin;C:\Anaconda\Scripts;C:\Users\自豪\AppData\Local\Microsoft\WindowsApps;C:\Users\自豪\AppData\Local\Programs\Microsoft VS Code\bin;C:\Program Files\JetBrains\PyCharm Community Edition 2018.3.3\bin;
USERNAME=自豪
OS=Windows_NT
PROCESSOR_IDENTIFIER=Intel64 Family 6 Model 61 Stepping 4, GenuineIntel



---------------  S Y S T E M  ---------------

OS: Windows 10.0 , 64 bit Build 17134 (10.0.17134.648)

CPU:total 4 (initial active 4) (2 cores per cpu, 2 threads per core) family 6 model 61 stepping 4, cmov, cx8, fxsr, mmx, sse, sse2, sse3, ssse3, sse4.1, sse4.2, popcnt, avx, avx2, aes, clmul, erms, 3dnowpref, lzcnt, ht, tsc, tscinvbit, bmi1, bmi2, adx

Memory: 4k page, physical 8288672k(3254408k free), swap 9102468k(77432k free)

vm_info: OpenJDK 64-Bit Server VM (25.201-b09) for windows-amd64 JRE (1.8.0_201-2-redhat-b09), built on Jan 25 2019 14:31:39 by "build" with MS VC++ 10.0 (VS2010)

time: Fri May 24 01:14:00 2019
timezone: 中国标准时间
elapsed time: 0 seconds (0d 0h 0m 0s)

